2023-12-21T15:36:36.913 Debug: VLC-Qt "1.2.0-9b2f561" initialised (:0, )
2023-12-21T15:36:36.931 Debug: Using libvlc version: "3.0.9.2 Vetinari" (:0, )
2023-12-21T15:36:51.013 Critical: libvlc: vaInitialize: unknown libva error
2023-12-21T15:36:51.045 Critical: libvlc: vaInitialize: unknown libva error
2023-12-21T15:36:51.053 Critical: libvlc: vaInitialize: unknown libva error
2023-12-21T15:36:51.830 Critical: libvlc: vaInitialize: unknown libva error
2023-12-21T15:36:51.835 Critical: libvlc: vaInitialize: unknown libva error
2023-12-21T15:36:51.853 Critical: libvlc: vaInitialize: unknown libva error
2023-12-21T15:36:57.238 Critical: libvlc: buffer deadlock prevented
2023-12-21T15:37:02.004 Critical: libvlc: vaInitialize: unknown libva error
2023-12-21T15:37:02.031 Critical: libvlc: vaInitialize: unknown libva error
2023-12-21T15:37:02.036 Critical: libvlc: vaInitialize: unknown libva error
2023-12-21T15:37:02.146 Critical: libvlc: vaInitialize: unknown libva error
2023-12-21T15:37:02.153 Critical: libvlc: vaInitialize: unknown libva error
2023-12-21T15:37:02.154 Critical: libvlc: vaInitialize: unknown libva error
2023-12-21T15:37:02.157 Critical: libvlc: vaInitialize: unknown libva error
2023-12-21T15:37:02.159 Critical: libvlc: vaInitialize: unknown libva error
2023-12-21T15:37:02.171 Critical: libvlc: vaInitialize: unknown libva error
2023-12-21T15:37:02.252 Critical: libvlc: vaInitialize: unknown libva error
2023-12-21T15:37:02.265 Critical: libvlc: vaInitialize: unknown libva error
2023-12-21T15:37:02.269 Critical: libvlc: vaInitialize: unknown libva error
2023-12-21T15:37:02.279 Critical: libvlc: vaInitialize: unknown libva error
2023-12-21T15:37:02.284 Critical: libvlc: vaInitialize: unknown libva error
2023-12-21T15:37:02.294 Critical: libvlc: vaInitialize: unknown libva error
2023-12-21T15:37:02.316 Critical: libvlc: buffer deadlock prevented
2023-12-21T15:37:02.384 Critical: libvlc: vaInitialize: unknown libva error
2023-12-21T15:37:02.419 Critical: libvlc: vaInitialize: unknown libva error
2023-12-21T15:37:02.448 Critical: libvlc: vaInitialize: unknown libva error
2023-12-21T15:37:02.607 Critical: libvlc: Failed to connect with rtsp://192.168.1.35:554/avstream/channel=1/stream=0.sdp
2023-12-21T15:37:03.049 Critical: libvlc: vaInitialize: unknown libva error
2023-12-21T15:37:03.070 Critical: libvlc: vaInitialize: unknown libva error
2023-12-21T15:37:03.075 Critical: libvlc: vaInitialize: unknown libva error
2023-12-21T15:37:03.615 Critical: libvlc: connection failed: No route to host
2023-12-21T15:37:03.718 Critical: libvlc: Failed to connect to RTSP server 192.168.1.35:554
2023-12-21T15:37:04.968 Critical: libvlc: vaInitialize: unknown libva error
2023-12-21T15:37:05.007 Critical: libvlc: vaInitialize: unknown libva error
2023-12-21T15:37:05.027 Critical: libvlc: vaInitialize: unknown libva error
2023-12-21T15:37:05.130 Critical: libvlc: vaInitialize: unknown libva error
2023-12-21T15:37:05.156 Critical: libvlc: vaInitialize: unknown libva error
2023-12-21T15:37:05.158 Critical: libvlc: vaInitialize: unknown libva error
2023-12-21T15:37:05.164 Critical: libvlc: vaInitialize: unknown libva error
2023-12-21T15:37:05.224 Critical: libvlc: vaInitialize: unknown libva error
2023-12-21T15:37:05.228 Critical: libvlc: vaInitialize: unknown libva error
2023-12-21T15:37:05.504 Critical: libvlc: vaInitialize: unknown libva error
2023-12-21T15:37:05.559 Critical: libvlc: vaInitialize: unknown libva error
2023-12-21T15:37:05.943 Critical: libvlc: vaInitialize: unknown libva error
2023-12-21T15:37:06.812 Critical: libvlc: connection failed: No route to host
2023-12-21T15:37:06.814 Critical: libvlc: cannot connect to 192.168.1.35:554
2023-12-21T15:37:06.816 Critical: libvlc: Connection failed
2023-12-21T15:37:06.817 Critical: libvlc: VLC could not connect to "192.168.1.35:554".
2023-12-21T15:37:06.822 Critical: libvlc: Your input can't be opened
2023-12-21T15:37:06.823 Critical: libvlc: VLC is unable to open the MRL 'rtsp://192.168.1.35:554/avstream/channel=1/stream=0.sdp'. Check the log for details.
2023-12-21T15:37:07.570 Critical: libvlc: vaInitialize: unknown libva error
2023-12-21T15:37:08.242 Critical: libvlc: vaInitialize: unknown libva error
2023-12-21T15:37:08.419 Critical: libvlc: vaInitialize: unknown libva error
